# JRE version: Java(TM) SE Runtime Environment (8.0_131-b11) (build 1.8.0_131-b11)
# Java VM: Java HotSpot(TM) 64-Bit Server VM (25.131-b11 mixed mode windows-amd64 compressed oops)
Heap:
 PSYoungGen      total 266240K, used 58872K [0x00000000d8000000, 0x00000000f8600000, 0x0000000100000000)
  eden space 244224K, 24% used [0x00000000d8000000,0x00000000db97e0d8,0x00000000e6e80000)
  from space 22016K, 0% used [0x00000000e6e80000,0x00000000e6e80000,0x00000000e8400000)
  to   space 20992K, 0% used [0x00000000f7180000,0x00000000f7180000,0x00000000f8600000)
 ParOldGen       total 82944K, used 32381K [0x0000000088000000, 0x000000008d100000, 0x00000000d8000000)
  object space 82944K, 39% used [0x0000000088000000,0x0000000089f9f570,0x000000008d100000)
 Metaspace       used 22604K, capacity 23090K, committed 23216K, reserved 1069056K
  class space    used 2672K, capacity 2814K, committed 2816K, reserved 1048576K
GC Heap History (10 events):
Event: 2.749 GC heap before
{Heap before GC invocations=4 (full 0):
 PSYoungGen      total 66560K, used 66528K [0x00000000d8000000, 0x00000000e0200000, 0x0000000100000000)
  eden space 61440K, 100% used [0x00000000d8000000,0x00000000dbc00000,0x00000000dbc00000)
  from space 5120K, 99% used [0x00000000dbc00000,0x00000000dc0f8040,0x00000000dc100000)
  to   space 5120K, 0% used [0x00000000dfd00000,0x00000000dfd00000,0x00000000e0200000)
 ParOldGen       total 81920K, used 7497K [0x0000000088000000, 0x000000008d000000, 0x00000000d8000000)
  object space 81920K, 9% used [0x0000000088000000,0x0000000088752448,0x000000008d000000)
 Metaspace       used 15002K, capacity 15176K, committed 15488K, reserved 1062912K
  class space    used 1809K, capacity 1908K, committed 1920K, reserved 1048576K
Event: 2.769 GC heap after
Heap after GC invocations=4 (full 0):
 PSYoungGen      total 128000K, used 5104K [0x00000000d8000000, 0x00000000e0200000, 0x0000000100000000)
  eden space 122880K, 0% used [0x00000000d8000000,0x00000000d8000000,0x00000000df800000)
  from space 5120K, 99% used [0x00000000dfd00000,0x00000000e01fc010,0x00000000e0200000)
  to   space 5120K, 0% used [0x00000000df800000,0x00000000df800000,0x00000000dfd00000)
 ParOldGen       total 81920K, used 14648K [0x0000000088000000, 0x000000008d000000, 0x00000000d8000000)
  object space 81920K, 17% used [0x0000000088000000,0x0000000088e4e1d8,0x000000008d000000)
 Metaspace       used 15002K, capacity 15176K, committed 15488K, reserved 1062912K
  class space    used 1809K, capacity 1908K, committed 1920K, reserved 1048576K
}
Event: 3.803 GC heap before
{Heap before GC invocations=5 (full 0):
 PSYoungGen      total 128000K, used 127984K [0x00000000d8000000, 0x00000000e0200000, 0x0000000100000000)
  eden space 122880K, 100% used [0x00000000d8000000,0x00000000df800000,0x00000000df800000)
  from space 5120K, 99% used [0x00000000dfd00000,0x00000000e01fc010,0x00000000e0200000)
  to   space 5120K, 0% used [0x00000000df800000,0x00000000df800000,0x00000000dfd00000)
 ParOldGen       total 81920K, used 14648K [0x0000000088000000, 0x000000008d000000, 0x00000000d8000000)
  object space 81920K, 17% used [0x0000000088000000,0x0000000088e4e1d8,0x000000008d000000)
 Metaspace       used 15503K, capacity 15730K, committed 16000K, reserved 1062912K
  class space    used 1817K, capacity 1915K, committed 1920K, reserved 1048576K
Event: 3.826 GC heap after
Heap after GC invocations=5 (full 0):
 PSYoungGen      total 128000K, used 5120K [0x00000000d8000000, 0x00000000e9800000, 0x0000000100000000)
  eden space 122880K, 0% used [0x00000000d8000000,0x00000000d8000000,0x00000000df800000)
  from space 5120K, 100% used [0x00000000df800000,0x00000000dfd00000,0x00000000dfd00000)
  to   space 20480K, 0% used [0x00000000e8400000,0x00000000e8400000,0x00000000e9800000)
 ParOldGen       total 81920K, used 27212K [0x0000000088000000, 0x000000008d000000, 0x00000000d8000000)
  object space 81920K, 33% used [0x0000000088000000,0x0000000089a930d8,0x000000008d000000)
 Metaspace       used 15503K, capacity 15730K, committed 16000K, reserved 1062912K
  class space    used 1817K, capacity 1915K, committed 1920K, reserved 1048576K
}
Event: 6.011 GC heap before
{Heap before GC invocations=6 (full 0):
 PSYoungGen      total 128000K, used 128000K [0x00000000d8000000, 0x00000000e9800000, 0x0000000100000000)
  eden space 122880K, 100% used [0x00000000d8000000,0x00000000df800000,0x00000000df800000)
  from space 5120K, 100% used [0x00000000df800000,0x00000000dfd00000,0x00000000dfd00000)
  to   space 20480K, 0% used [0x00000000e8400000,0x00000000e8400000,0x00000000e9800000)
 ParOldGen       total 81920K, used 27212K [0x0000000088000000, 0x000000008d000000, 0x00000000d8000000)
  object space 81920K, 33% used [0x0000000088000000,0x0000000089a930d8,0x000000008d000000)
 Metaspace       used 20398K, capacity 20882K, committed 21120K, reserved 1067008K
  class space    used 2452K, capacity 2590K, committed 2688K, reserved 1048576K
Event: 6.065 GC heap after
Heap after GC invocations=6 (full 0):
 PSYoungGen      total 264704K, used 15858K [0x00000000d8000000, 0x00000000e9b00000, 0x0000000100000000)
  eden space 244224K, 0% used [0x00000000d8000000,0x00000000d8000000,0x00000000e6e80000)
  from space 20480K, 77% used [0x00000000e8400000,0x00000000e937cbb0,0x00000000e9800000)
  to   space 22016K, 0% used [0x00000000e6e80000,0x00000000e6e80000,0x00000000e8400000)
 ParOldGen       total 81920K, used 27212K [0x0000000088000000, 0x000000008d000000, 0x00000000d8000000)
  object space 81920K, 33% used [0x0000000088000000,0x0000000089a930d8,0x000000008d000000)
 Metaspace       used 20398K, capacity 20882K, committed 21120K, reserved 1067008K
  class space    used 2452K, capacity 2590K, committed 2688K, reserved 1048576K
}
Event: 6.103 GC heap before
{Heap before GC invocations=7 (full 0):
 PSYoungGen      total 264704K, used 20716K [0x00000000d8000000, 0x00000000e9b00000, 0x0000000100000000)
  eden space 244224K, 1% used [0x00000000d8000000,0x00000000d84be7f8,0x00000000e6e80000)
  from space 20480K, 77% used [0x00000000e8400000,0x00000000e937cbb0,0x00000000e9800000)
  to   space 22016K, 0% used [0x00000000e6e80000,0x00000000e6e80000,0x00000000e8400000)
 ParOldGen       total 81920K, used 27212K [0x0000000088000000, 0x000000008d000000, 0x00000000d8000000)
  object space 81920K, 33% used [0x0000000088000000,0x0000000089a930d8,0x000000008d000000)
 Metaspace       used 20701K, capacity 21202K, committed 21296K, reserved 1069056K
  class space    used 2492K, capacity 2654K, committed 2688K, reserved 1048576K
Event: 6.146 GC heap after
Heap after GC invocations=7 (full 0):
 PSYoungGen      total 266240K, used 12383K [0x00000000d8000000, 0x00000000f8600000, 0x0000000100000000)
  eden space 244224K, 0% used [0x00000000d8000000,0x00000000d8000000,0x00000000e6e80000)
  from space 22016K, 56% used [0x00000000e6e80000,0x00000000e7a97cd0,0x00000000e8400000)
  to   space 20992K, 0% used [0x00000000f7180000,0x00000000f7180000,0x00000000f8600000)
 ParOldGen       total 81920K, used 27916K [0x0000000088000000, 0x000000008d000000, 0x00000000d8000000)
  object space 81920K, 34% used [0x0000000088000000,0x0000000089b43128,0x000000008d000000)
 Metaspace       used 20701K, capacity 21202K, committed 21296K, reserved 1069056K
  class space    used 2492K, capacity 2654K, committed 2688K, reserved 1048576K
}
Event: 6.146 GC heap before
{Heap before GC invocations=8 (full 1):
 PSYoungGen      total 266240K, used 12383K [0x00000000d8000000, 0x00000000f8600000, 0x0000000100000000)
  eden space 244224K, 0% used [0x00000000d8000000,0x00000000d8000000,0x00000000e6e80000)
  from space 22016K, 56% used [0x00000000e6e80000,0x00000000e7a97cd0,0x00000000e8400000)
  to   space 20992K, 0% used [0x00000000f7180000,0x00000000f7180000,0x00000000f8600000)
 ParOldGen       total 81920K, used 27916K [0x0000000088000000, 0x000000008d000000, 0x00000000d8000000)
  object space 81920K, 34% used [0x0000000088000000,0x0000000089b43128,0x000000008d000000)
 Metaspace       used 20701K, capacity 21202K, committed 21296K, reserved 1069056K
  class space    used 2492K, capacity 2654K, committed 2688K, reserved 1048576K
Event: 6.366 GC heap after
Heap after GC invocations=8 (full 1):
 PSYoungGen      total 266240K, used 0K [0x00000000d8000000, 0x00000000f8600000, 0x0000000100000000)
  eden space 244224K, 0% used [0x00000000d8000000,0x00000000d8000000,0x00000000e6e80000)
  from space 22016K, 0% used [0x00000000e6e80000,0x00000000e6e80000,0x00000000e8400000)
  to   space 20992K, 0% used [0x00000000f7180000,0x00000000f7180000,0x00000000f8600000)
 ParOldGen       total 82944K, used 32381K [0x0000000088000000, 0x000000008d100000, 0x00000000d8000000)
  object space 82944K, 39% used [0x0000000088000000,0x0000000089f9f570,0x000000008d100000)
 Metaspace       used 20701K, capacity 21202K, committed 21296K, reserved 1069056K
  class space    used 2492K, capacity 2654K, committed 2688K, reserved 1048576K
}

