# JRE version: Java(TM) SE Runtime Environment (8.0_131-b11) (build 1.8.0_131-b11)
# Java VM: Java HotSpot(TM) 64-Bit Server VM (25.131-b11 mixed mode windows-amd64 compressed oops)
Heap:
 PSYoungGen      total 265216K, used 21370K [0x00000000d8000000, 0x00000000e9c00000, 0x0000000100000000)
  eden space 244224K, 1% used [0x00000000d8000000,0x00000000d84bd5b8,0x00000000e6e80000)
  from space 20992K, 78% used [0x00000000e8480000,0x00000000e94a1548,0x00000000e9900000)
  to   space 22528K, 0% used [0x00000000e6e80000,0x00000000e6e80000,0x00000000e8480000)
 ParOldGen       total 81920K, used 27470K [0x0000000088000000, 0x000000008d000000, 0x00000000d8000000)
  object space 81920K, 33% used [0x0000000088000000,0x0000000089ad3af0,0x000000008d000000)
 Metaspace       used 18151K, capacity 18558K, committed 18688K, reserved 1064960K
  class space    used 2120K, capacity 2262K, committed 2304K, reserved 1048576K
GC Heap History (10 events):
Event: 1.523 GC heap before
{Heap before GC invocations=2 (full 0):
 PSYoungGen      total 35840K, used 34925K [0x00000000d8000000, 0x00000000dc600000, 0x0000000100000000)
  eden space 30720K, 100% used [0x00000000d8000000,0x00000000d9e00000,0x00000000d9e00000)
  from space 5120K, 82% used [0x00000000d9e00000,0x00000000da21b768,0x00000000da300000)
  to   space 5120K, 0% used [0x00000000dc100000,0x00000000dc100000,0x00000000dc600000)
 ParOldGen       total 81920K, used 8K [0x0000000088000000, 0x000000008d000000, 0x00000000d8000000)
  object space 81920K, 0% used [0x0000000088000000,0x0000000088002000,0x000000008d000000)
 Metaspace       used 10245K, capacity 10366K, committed 10624K, reserved 1058816K
  class space    used 1284K, capacity 1347K, committed 1408K, reserved 1048576K
Event: 1.528 GC heap after
Heap after GC invocations=2 (full 0):
 PSYoungGen      total 66560K, used 5111K [0x00000000d8000000, 0x00000000dc600000, 0x0000000100000000)
  eden space 61440K, 0% used [0x00000000d8000000,0x00000000d8000000,0x00000000dbc00000)
  from space 5120K, 99% used [0x00000000dc100000,0x00000000dc5fdc78,0x00000000dc600000)
  to   space 5120K, 0% used [0x00000000dbc00000,0x00000000dbc00000,0x00000000dc100000)
 ParOldGen       total 81920K, used 256K [0x0000000088000000, 0x000000008d000000, 0x00000000d8000000)
  object space 81920K, 0% used [0x0000000088000000,0x0000000088040128,0x000000008d000000)
 Metaspace       used 10245K, capacity 10366K, committed 10624K, reserved 1058816K
  class space    used 1284K, capacity 1347K, committed 1408K, reserved 1048576K
}
Event: 2.482 GC heap before
{Heap before GC invocations=3 (full 0):
 PSYoungGen      total 66560K, used 66551K [0x00000000d8000000, 0x00000000dc600000, 0x0000000100000000)
  eden space 61440K, 100% used [0x00000000d8000000,0x00000000dbc00000,0x00000000dbc00000)
  from space 5120K, 99% used [0x00000000dc100000,0x00000000dc5fdc78,0x00000000dc600000)
  to   space 5120K, 0% used [0x00000000dbc00000,0x00000000dbc00000,0x00000000dc100000)
 ParOldGen       total 81920K, used 256K [0x0000000088000000, 0x000000008d000000, 0x00000000d8000000)
  object space 81920K, 0% used [0x0000000088000000,0x0000000088040128,0x000000008d000000)
 Metaspace       used 14376K, capacity 14562K, committed 14720K, reserved 1062912K
  class space    used 1773K, capacity 1875K, committed 1920K, reserved 1048576K
Event: 2.502 GC heap after
Heap after GC invocations=3 (full 0):
 PSYoungGen      total 66560K, used 5088K [0x00000000d8000000, 0x00000000e0200000, 0x0000000100000000)
  eden space 61440K, 0% used [0x00000000d8000000,0x00000000d8000000,0x00000000dbc00000)
  from space 5120K, 99% used [0x00000000dbc00000,0x00000000dc0f8040,0x00000000dc100000)
  to   space 5120K, 0% used [0x00000000dfd00000,0x00000000dfd00000,0x00000000e0200000)
 ParOldGen       total 81920K, used 7488K [0x0000000088000000, 0x000000008d000000, 0x00000000d8000000)
  object space 81920K, 9% used [0x0000000088000000,0x0000000088750130,0x000000008d000000)
 Metaspace       used 14376K, capacity 14562K, committed 14720K, reserved 1062912K
  class space    used 1773K, capacity 1875K, committed 1920K, reserved 1048576K
}
Event: 3.144 GC heap before
{Heap before GC invocations=4 (full 0):
 PSYoungGen      total 66560K, used 66528K [0x00000000d8000000, 0x00000000e0200000, 0x0000000100000000)
  eden space 61440K, 100% used [0x00000000d8000000,0x00000000dbc00000,0x00000000dbc00000)
  from space 5120K, 99% used [0x00000000dbc00000,0x00000000dc0f8040,0x00000000dc100000)
  to   space 5120K, 0% used [0x00000000dfd00000,0x00000000dfd00000,0x00000000e0200000)
 ParOldGen       total 81920K, used 7488K [0x0000000088000000, 0x000000008d000000, 0x00000000d8000000)
  object space 81920K, 9% used [0x0000000088000000,0x0000000088750130,0x000000008d000000)
 Metaspace       used 15009K, capacity 15240K, committed 15488K, reserved 1062912K
  class space    used 1809K, capacity 1908K, committed 1920K, reserved 1048576K
Event: 3.166 GC heap after
Heap after GC invocations=4 (full 0):
 PSYoungGen      total 128000K, used 5104K [0x00000000d8000000, 0x00000000e0200000, 0x0000000100000000)
  eden space 122880K, 0% used [0x00000000d8000000,0x00000000d8000000,0x00000000df800000)
  from space 5120K, 99% used [0x00000000dfd00000,0x00000000e01fc030,0x00000000e0200000)
  to   space 5120K, 0% used [0x00000000df800000,0x00000000df800000,0x00000000dfd00000)
 ParOldGen       total 81920K, used 14817K [0x0000000088000000, 0x000000008d000000, 0x00000000d8000000)
  object space 81920K, 18% used [0x0000000088000000,0x0000000088e78570,0x000000008d000000)
 Metaspace       used 15009K, capacity 15240K, committed 15488K, reserved 1062912K
  class space    used 1809K, capacity 1908K, committed 1920K, reserved 1048576K
}
Event: 4.725 GC heap before
{Heap before GC invocations=5 (full 0):
 PSYoungGen      total 128000K, used 127984K [0x00000000d8000000, 0x00000000e0200000, 0x0000000100000000)
  eden space 122880K, 100% used [0x00000000d8000000,0x00000000df800000,0x00000000df800000)
  from space 5120K, 99% used [0x00000000dfd00000,0x00000000e01fc030,0x00000000e0200000)
  to   space 5120K, 0% used [0x00000000df800000,0x00000000df800000,0x00000000dfd00000)
 ParOldGen       total 81920K, used 14817K [0x0000000088000000, 0x000000008d000000, 0x00000000d8000000)
  object space 81920K, 18% used [0x0000000088000000,0x0000000088e78570,0x000000008d000000)
 Metaspace       used 15495K, capacity 15730K, committed 16000K, reserved 1062912K
  class space    used 1817K, capacity 1915K, committed 1920K, reserved 1048576K
Event: 4.751 GC heap after
Heap after GC invocations=5 (full 0):
 PSYoungGen      total 128000K, used 5104K [0x00000000d8000000, 0x00000000e9900000, 0x0000000100000000)
  eden space 122880K, 0% used [0x00000000d8000000,0x00000000d8000000,0x00000000df800000)
  from space 5120K, 99% used [0x00000000df800000,0x00000000dfcfc030,0x00000000dfd00000)
  to   space 20992K, 0% used [0x00000000e8480000,0x00000000e8480000,0x00000000e9900000)
 ParOldGen       total 81920K, used 27462K [0x0000000088000000, 0x000000008d000000, 0x00000000d8000000)
  object space 81920K, 33% used [0x0000000088000000,0x0000000089ad1af0,0x000000008d000000)
 Metaspace       used 15495K, capacity 15730K, committed 16000K, reserved 1062912K
  class space    used 1817K, capacity 1915K, committed 1920K, reserved 1048576K
}
Event: 6.619 GC heap before
{Heap before GC invocations=6 (full 0):
 PSYoungGen      total 128000K, used 127984K [0x00000000d8000000, 0x00000000e9900000, 0x0000000100000000)
  eden space 122880K, 100% used [0x00000000d8000000,0x00000000df800000,0x00000000df800000)
  from space 5120K, 99% used [0x00000000df800000,0x00000000dfcfc030,0x00000000dfd00000)
  to   space 20992K, 0% used [0x00000000e8480000,0x00000000e8480000,0x00000000e9900000)
 ParOldGen       total 81920K, used 27462K [0x0000000088000000, 0x000000008d000000, 0x00000000d8000000)
  object space 81920K, 33% used [0x0000000088000000,0x0000000089ad1af0,0x000000008d000000)
 Metaspace       used 17862K, capacity 18254K, committed 18432K, reserved 1064960K
  class space    used 2096K, capacity 2222K, committed 2304K, reserved 1048576K
Event: 6.668 GC heap after
Heap after GC invocations=6 (full 0):
 PSYoungGen      total 265216K, used 16517K [0x00000000d8000000, 0x00000000e9c00000, 0x0000000100000000)
  eden space 244224K, 0% used [0x00000000d8000000,0x00000000d8000000,0x00000000e6e80000)
  from space 20992K, 78% used [0x00000000e8480000,0x00000000e94a1548,0x00000000e9900000)
  to   space 22528K, 0% used [0x00000000e6e80000,0x00000000e6e80000,0x00000000e8480000)
 ParOldGen       total 81920K, used 27470K [0x0000000088000000, 0x000000008d000000, 0x00000000d8000000)
  object space 81920K, 33% used [0x0000000088000000,0x0000000089ad3af0,0x000000008d000000)
 Metaspace       used 17862K, capacity 18254K, committed 18432K, reserved 1064960K
  class space    used 2096K, capacity 2222K, committed 2304K, reserved 1048576K
}

