# JRE version: Java(TM) SE Runtime Environment (8.0_131-b11) (build 1.8.0_131-b11)
# Java VM: Java HotSpot(TM) 64-Bit Server VM (25.131-b11 mixed mode windows-amd64 compressed oops)
Heap:
 PSYoungGen      total 213504K, used 64K [0x00000000d8000000, 0x00000000e5c00000, 0x0000000100000000)
  eden space 205824K, 0% used [0x00000000d8000000,0x00000000d8000000,0x00000000e4900000)
  from space 7680K, 0% used [0x00000000e5480000,0x00000000e5490000,0x00000000e5c00000)
  to   space 9728K, 0% used [0x00000000e4900000,0x00000000e4900000,0x00000000e5280000)
 ParOldGen       total 55296K, used 18147K [0x0000000088000000, 0x000000008b600000, 0x00000000d8000000)
  object space 55296K, 32% used [0x0000000088000000,0x00000000891b8e80,0x000000008b600000)
 Metaspace       used 38640K, capacity 38930K, committed 39424K, reserved 1091584K
  class space    used 4972K, capacity 5072K, committed 5120K, reserved 1048576K
GC Heap History (10 events):
Event: 8.687 GC heap before
{Heap before GC invocations=20 (full 5):
 PSYoungGen      total 215552K, used 0K [0x00000000d8000000, 0x00000000e5c00000, 0x0000000100000000)
  eden space 205824K, 0% used [0x00000000d8000000,0x00000000d8000000,0x00000000e4900000)
  from space 9728K, 0% used [0x00000000e4900000,0x00000000e4900000,0x00000000e5280000)
  to   space 7680K, 0% used [0x00000000e5480000,0x00000000e5480000,0x00000000e5c00000)
 ParOldGen       total 55296K, used 22125K [0x0000000088000000, 0x000000008b600000, 0x00000000d8000000)
  object space 55296K, 40% used [0x0000000088000000,0x000000008959b470,0x000000008b600000)
 Metaspace       used 38752K, capacity 39112K, committed 39424K, reserved 1089536K
  class space    used 4991K, capacity 5107K, committed 5120K, reserved 1048576K
Event: 8.790 GC heap after
Heap after GC invocations=20 (full 5):
 PSYoungGen      total 215552K, used 0K [0x00000000d8000000, 0x00000000e5c00000, 0x0000000100000000)
  eden space 205824K, 0% used [0x00000000d8000000,0x00000000d8000000,0x00000000e4900000)
  from space 9728K, 0% used [0x00000000e4900000,0x00000000e4900000,0x00000000e5280000)
  to   space 7680K, 0% used [0x00000000e5480000,0x00000000e5480000,0x00000000e5c00000)
 ParOldGen       total 55296K, used 18152K [0x0000000088000000, 0x000000008b600000, 0x00000000d8000000)
  object space 55296K, 32% used [0x0000000088000000,0x00000000891ba138,0x000000008b600000)
 Metaspace       used 38640K, capacity 38930K, committed 39424K, reserved 1085440K
  class space    used 4972K, capacity 5072K, committed 5120K, reserved 1048576K
}
Event: 8.790 GC heap before
{Heap before GC invocations=21 (full 5):
 PSYoungGen      total 215552K, used 0K [0x00000000d8000000, 0x00000000e5c00000, 0x0000000100000000)
  eden space 205824K, 0% used [0x00000000d8000000,0x00000000d8000000,0x00000000e4900000)
  from space 9728K, 0% used [0x00000000e4900000,0x00000000e4900000,0x00000000e5280000)
  to   space 7680K, 0% used [0x00000000e5480000,0x00000000e5480000,0x00000000e5c00000)
 ParOldGen       total 55296K, used 18152K [0x0000000088000000, 0x000000008b600000, 0x00000000d8000000)
  object space 55296K, 32% used [0x0000000088000000,0x00000000891ba138,0x000000008b600000)
 Metaspace       used 38640K, capacity 38930K, committed 39424K, reserved 1091584K
  class space    used 4972K, capacity 5072K, committed 5120K, reserved 1048576K
Event: 8.792 GC heap after
Heap after GC invocations=21 (full 5):
 PSYoungGen      total 213504K, used 0K [0x00000000d8000000, 0x00000000e5c00000, 0x0000000100000000)
  eden space 205824K, 0% used [0x00000000d8000000,0x00000000d8000000,0x00000000e4900000)
  from space 7680K, 0% used [0x00000000e5480000,0x00000000e5480000,0x00000000e5c00000)
  to   space 9728K, 0% used [0x00000000e4900000,0x00000000e4900000,0x00000000e5280000)
 ParOldGen       total 55296K, used 18152K [0x0000000088000000, 0x000000008b600000, 0x00000000d8000000)
  object space 55296K, 32% used [0x0000000088000000,0x00000000891ba138,0x000000008b600000)
 Metaspace       used 38640K, capacity 38930K, committed 39424K, reserved 1091584K
  class space    used 4972K, capacity 5072K, committed 5120K, reserved 1048576K
}
Event: 8.792 GC heap before
{Heap before GC invocations=22 (full 6):
 PSYoungGen      total 213504K, used 0K [0x00000000d8000000, 0x00000000e5c00000, 0x0000000100000000)
  eden space 205824K, 0% used [0x00000000d8000000,0x00000000d8000000,0x00000000e4900000)
  from space 7680K, 0% used [0x00000000e5480000,0x00000000e5480000,0x00000000e5c00000)
  to   space 9728K, 0% used [0x00000000e4900000,0x00000000e4900000,0x00000000e5280000)
 ParOldGen       total 55296K, used 18152K [0x0000000088000000, 0x000000008b600000, 0x00000000d8000000)
  object space 55296K, 32% used [0x0000000088000000,0x00000000891ba138,0x000000008b600000)
 Metaspace       used 38640K, capacity 38930K, committed 39424K, reserved 1091584K
  class space    used 4972K, capacity 5072K, committed 5120K, reserved 1048576K
Event: 8.828 GC heap after
Heap after GC invocations=22 (full 6):
 PSYoungGen      total 213504K, used 0K [0x00000000d8000000, 0x00000000e5c00000, 0x0000000100000000)
  eden space 205824K, 0% used [0x00000000d8000000,0x00000000d8000000,0x00000000e4900000)
  from space 7680K, 0% used [0x00000000e5480000,0x00000000e5480000,0x00000000e5c00000)
  to   space 9728K, 0% used [0x00000000e4900000,0x00000000e4900000,0x00000000e5280000)
 ParOldGen       total 55296K, used 18148K [0x0000000088000000, 0x000000008b600000, 0x00000000d8000000)
  object space 55296K, 32% used [0x0000000088000000,0x00000000891b9088,0x000000008b600000)
 Metaspace       used 38640K, capacity 38930K, committed 39424K, reserved 1085440K
  class space    used 4972K, capacity 5072K, committed 5120K, reserved 1048576K
}
Event: 8.828 GC heap before
{Heap before GC invocations=23 (full 6):
 PSYoungGen      total 213504K, used 0K [0x00000000d8000000, 0x00000000e5c00000, 0x0000000100000000)
  eden space 205824K, 0% used [0x00000000d8000000,0x00000000d8000000,0x00000000e4900000)
  from space 7680K, 0% used [0x00000000e5480000,0x00000000e5480000,0x00000000e5c00000)
  to   space 9728K, 0% used [0x00000000e4900000,0x00000000e4900000,0x00000000e5280000)
 ParOldGen       total 55296K, used 18148K [0x0000000088000000, 0x000000008b600000, 0x00000000d8000000)
  object space 55296K, 32% used [0x0000000088000000,0x00000000891b9088,0x000000008b600000)
 Metaspace       used 38640K, capacity 38930K, committed 39424K, reserved 1089536K
  class space    used 4972K, capacity 5072K, committed 5120K, reserved 1048576K
Event: 8.829 GC heap after
Heap after GC invocations=23 (full 6):
 PSYoungGen      total 215552K, used 0K [0x00000000d8000000, 0x00000000e5c00000, 0x0000000100000000)
  eden space 205824K, 0% used [0x00000000d8000000,0x00000000d8000000,0x00000000e4900000)
  from space 9728K, 0% used [0x00000000e4900000,0x00000000e4900000,0x00000000e5280000)
  to   space 7680K, 0% used [0x00000000e5480000,0x00000000e5480000,0x00000000e5c00000)
 ParOldGen       total 55296K, used 18148K [0x0000000088000000, 0x000000008b600000, 0x00000000d8000000)
  object space 55296K, 32% used [0x0000000088000000,0x00000000891b9088,0x000000008b600000)
 Metaspace       used 38640K, capacity 38930K, committed 39424K, reserved 1089536K
  class space    used 4972K, capacity 5072K, committed 5120K, reserved 1048576K
}
Event: 8.829 GC heap before
{Heap before GC invocations=24 (full 7):
 PSYoungGen      total 215552K, used 0K [0x00000000d8000000, 0x00000000e5c00000, 0x0000000100000000)
  eden space 205824K, 0% used [0x00000000d8000000,0x00000000d8000000,0x00000000e4900000)
  from space 9728K, 0% used [0x00000000e4900000,0x00000000e4900000,0x00000000e5280000)
  to   space 7680K, 0% used [0x00000000e5480000,0x00000000e5480000,0x00000000e5c00000)
 ParOldGen       total 55296K, used 18148K [0x0000000088000000, 0x000000008b600000, 0x00000000d8000000)
  object space 55296K, 32% used [0x0000000088000000,0x00000000891b9088,0x000000008b600000)
 Metaspace       used 38640K, capacity 38930K, committed 39424K, reserved 1089536K
  class space    used 4972K, capacity 5072K, committed 5120K, reserved 1048576K
Event: 8.883 GC heap after
Heap after GC invocations=24 (full 7):
 PSYoungGen      total 215552K, used 0K [0x00000000d8000000, 0x00000000e5c00000, 0x0000000100000000)
  eden space 205824K, 0% used [0x00000000d8000000,0x00000000d8000000,0x00000000e4900000)
  from space 9728K, 0% used [0x00000000e4900000,0x00000000e4900000,0x00000000e5280000)
  to   space 7680K, 0% used [0x00000000e5480000,0x00000000e5480000,0x00000000e5c00000)
 ParOldGen       total 55296K, used 18147K [0x0000000088000000, 0x000000008b600000, 0x00000000d8000000)
  object space 55296K, 32% used [0x0000000088000000,0x00000000891b8e80,0x000000008b600000)
 Metaspace       used 38640K, capacity 38930K, committed 39424K, reserved 1085440K
  class space    used 4972K, capacity 5072K, committed 5120K, reserved 1048576K
}

